TN:
SF:src/commands/attendance.js
FN:18,createRewardLines
FN:21,(anonymous_1)
FN:34,createAttendanceEmbed
FN:84,getAttendanceDashboard
FN:130,(anonymous_4)
FN:165,(anonymous_5)
FNF:6
FNH:6
FNDA:3,createRewardLines
FNDA:1,(anonymous_1)
FNDA:4,createAttendanceEmbed
FNDA:4,getAttendanceDashboard
FNDA:4,(anonymous_4)
FNDA:3,(anonymous_5)
DA:1,1
DA:3,1
DA:11,1
DA:16,1
DA:19,3
DA:21,3
DA:22,1
DA:25,3
DA:26,0
DA:27,0
DA:28,0
DA:31,3
DA:44,4
DA:48,4
DA:58,4
DA:59,1
DA:62,4
DA:63,3
DA:66,4
DA:75,4
DA:85,4
DA:87,4
DA:117,4
DA:125,1
DA:131,4
DA:137,4
DA:138,0
DA:143,0
DA:146,4
DA:148,4
DA:157,4
DA:158,4
DA:159,4
DA:161,4
DA:162,3
DA:164,3
DA:165,3
DA:166,3
DA:175,3
DA:186,3
DA:187,1
DA:212,3
DA:214,3
DA:215,0
DA:219,0
DA:235,3
DA:240,3
DA:245,0
DA:246,0
DA:248,0
DA:253,4
DA:254,4
DA:255,4
DA:261,4
DA:272,4
LF:55
LH:45
BRDA:25,0,0,0
BRDA:25,0,1,3
BRDA:27,1,0,0
BRDA:27,1,1,0
BRDA:44,2,0,1
BRDA:44,2,1,3
BRDA:58,3,0,1
BRDA:58,3,1,3
BRDA:58,4,0,4
BRDA:58,4,1,1
BRDA:62,5,0,3
BRDA:62,5,1,1
BRDA:62,6,0,4
BRDA:62,6,1,3
BRDA:76,7,0,1
BRDA:76,7,1,3
BRDA:77,8,0,1
BRDA:77,8,1,3
BRDA:121,9,0,4
BRDA:121,9,1,0
BRDA:137,10,0,0
BRDA:137,10,1,4
BRDA:161,11,0,3
BRDA:161,11,1,1
BRDA:214,12,0,0
BRDA:214,12,1,3
BRDA:245,13,0,0
BRDA:245,13,1,0
BRDA:254,14,0,4
BRDA:254,14,1,0
BRF:30
BRH:21
end_of_record
TN:
SF:src/commands/create.js
FN:44,createCharacterActionRow
FN:63,(anonymous_1)
FN:74,(anonymous_2)
FN:83,(anonymous_3)
FNF:4
FNH:4
FNDA:1,createCharacterActionRow
FNDA:1,(anonymous_1)
FNDA:1,(anonymous_2)
FNDA:1,(anonymous_3)
DA:7,1
DA:9,1
DA:14,1
DA:18,1
DA:20,1
DA:45,1
DA:59,1
DA:64,1
DA:75,1
DA:84,1
DA:85,1
DA:87,1
DA:89,1
DA:90,0
DA:95,0
DA:98,1
DA:104,1
DA:105,0
DA:110,0
DA:113,1
DA:115,1
DA:118,1
DA:119,1
DA:132,1
DA:146,0
DA:147,0
DA:151,0
DA:154,1
DA:178,1
DA:183,1
DA:188,1
LF:31
LH:24
BRDA:89,0,0,0
BRDA:89,0,1,1
BRDA:104,1,0,0
BRDA:104,1,1,1
BRDA:113,2,0,1
BRDA:113,2,1,0
BRDA:115,3,0,1
BRDA:115,3,1,0
BRF:8
BRH:4
end_of_record
TN:
SF:src/commands/inventory.js
FN:34,rollAttendanceTicketRarity
FN:48,createInventoryEmbed
FN:49,(anonymous_2)
FN:50,(anonymous_3)
FN:54,(anonymous_4)
FN:66,(anonymous_5)
FN:78,(anonymous_6)
FN:114,createSkillInventoryEmbed
FN:117,(anonymous_8)
FN:118,(anonymous_9)
FN:120,(anonymous_10)
FN:127,(anonymous_11)
FN:165,createConsumableInventoryEmbed
FN:166,(anonymous_13)
FN:202,createInventoryActionRow
FN:206,(anonymous_15)
FN:209,(anonymous_16)
FN:246,createSkillActionRow
FN:247,(anonymous_18)
FN:248,(anonymous_19)
FN:256,(anonymous_20)
FN:269,(anonymous_21)
FN:308,createConsumableActionRow
FN:312,(anonymous_23)
FN:348,createEquipmentDetailEmbed
FN:384,createEquipmentActionRow
FN:424,(anonymous_26)
FN:460,(anonymous_27)
FN:549,(anonymous_28)
FN:618,(anonymous_29)
FNF:30
FNH:20
FNDA:0,rollAttendanceTicketRarity
FNDA:1,createInventoryEmbed
FNDA:1,(anonymous_2)
FNDA:1,(anonymous_3)
FNDA:0,(anonymous_4)
FNDA:1,(anonymous_5)
FNDA:0,(anonymous_6)
FNDA:1,createSkillInventoryEmbed
FNDA:1,(anonymous_8)
FNDA:1,(anonymous_9)
FNDA:0,(anonymous_10)
FNDA:1,(anonymous_11)
FNDA:1,createConsumableInventoryEmbed
FNDA:1,(anonymous_13)
FNDA:1,createInventoryActionRow
FNDA:1,(anonymous_15)
FNDA:1,(anonymous_16)
FNDA:1,createSkillActionRow
FNDA:1,(anonymous_18)
FNDA:1,(anonymous_19)
FNDA:1,(anonymous_20)
FNDA:0,(anonymous_21)
FNDA:1,createConsumableActionRow
FNDA:1,(anonymous_23)
FNDA:0,createEquipmentDetailEmbed
FNDA:0,createEquipmentActionRow
FNDA:0,(anonymous_26)
FNDA:3,(anonymous_27)
FNDA:0,(anonymous_28)
FNDA:0,(anonymous_29)
DA:7,1
DA:15,1
DA:16,1
DA:18,1
DA:19,1
DA:28,1
DA:35,0
DA:37,0
DA:38,0
DA:41,0
DA:42,0
DA:45,0
DA:49,1
DA:50,1
DA:52,1
DA:54,1
DA:55,0
DA:56,0
DA:57,0
DA:58,0
DA:59,0
DA:60,0
DA:61,0
DA:63,0
DA:66,1
DA:67,1
DA:68,1
DA:69,1
DA:70,1
DA:71,1
DA:72,1
DA:73,1
DA:75,1
DA:78,1
DA:79,0
DA:80,0
DA:83,1
DA:115,1
DA:117,1
DA:118,1
DA:120,1
DA:121,0
DA:122,0
DA:123,0
DA:124,0
DA:127,1
DA:128,1
DA:129,1
DA:130,1
DA:131,1
DA:134,1
DA:166,1
DA:167,1
DA:174,1
DA:177,1
DA:203,1
DA:206,1
DA:208,1
DA:209,1
DA:210,1
DA:212,1
DA:219,1
DA:223,1
DA:241,1
DA:243,1
DA:247,1
DA:248,1
DA:249,1
DA:252,1
DA:254,1
DA:256,1
DA:257,1
DA:267,1
DA:269,0
DA:270,0
DA:280,1
DA:281,1
DA:285,1
DA:303,1
DA:305,1
DA:309,1
DA:312,1
DA:313,1
DA:320,1
DA:321,1
DA:325,1
DA:343,1
DA:345,1
DA:349,0
DA:350,0
DA:351,0
DA:353,0
DA:354,0
DA:355,0
DA:356,0
DA:357,0
DA:359,0
DA:385,0
DA:386,0
DA:400,0
DA:419,1
DA:425,0
DA:442,0
DA:443,0
DA:448,0
DA:451,0
DA:452,0
DA:454,0
DA:461,3
DA:462,0
DA:465,3
DA:470,3
DA:471,3
DA:488,3
DA:489,0
DA:494,0
DA:497,3
DA:498,1
DA:503,1
DA:506,2
DA:507,1
DA:512,1
DA:515,1
DA:516,1
DA:521,1
DA:526,0
DA:527,0
DA:529,0
DA:534,0
DA:535,0
DA:540,0
DA:543,0
DA:545,0
DA:546,0
DA:547,0
DA:549,0
DA:550,0
DA:565,0
DA:566,0
DA:573,0
DA:579,0
DA:581,0
DA:592,0
DA:596,0
DA:597,0
DA:598,0
DA:600,0
DA:601,0
DA:602,0
DA:603,0
DA:604,0
DA:605,0
DA:606,0
DA:607,0
DA:609,0
DA:614,0
DA:618,0
DA:620,0
DA:629,0
DA:630,0
DA:637,0
DA:643,0
DA:655,0
DA:659,0
DA:660,0
DA:662,0
DA:667,0
DA:668,0
DA:673,0
DA:677,0
DA:684,0
DA:685,0
DA:690,0
DA:694,0
DA:699,0
DA:700,0
DA:702,0
DA:707,0
DA:711,0
DA:712,0
DA:714,0
DA:719,0
DA:720,0
DA:725,0
DA:729,0
DA:734,0
DA:735,0
DA:737,0
DA:742,0
DA:746,0
DA:748,0
DA:749,0
DA:754,0
DA:757,0
DA:766,0
DA:767,0
DA:772,0
DA:775,0
DA:777,0
DA:789,0
DA:798,0
DA:803,0
DA:806,0
DA:807,0
DA:816,0
DA:821,0
DA:824,0
DA:825,0
DA:826,0
DA:831,0
DA:834,0
DA:840,0
DA:845,0
DA:848,0
LF:214
LH:81
BRDA:37,0,0,0
BRDA:37,0,1,0
BRDA:41,1,0,0
BRDA:41,1,1,0
BRDA:58,2,0,0
BRDA:58,2,1,0
BRDA:59,3,0,0
BRDA:59,3,1,0
BRDA:60,4,0,0
BRDA:60,4,1,0
BRDA:61,5,0,0
BRDA:61,5,1,0
BRDA:70,6,0,1
BRDA:70,6,1,0
BRDA:71,7,0,1
BRDA:71,7,1,0
BRDA:72,8,0,0
BRDA:72,8,1,1
BRDA:73,9,0,0
BRDA:73,9,1,1
BRDA:90,10,0,0
BRDA:90,10,1,1
BRDA:97,11,0,0
BRDA:97,11,1,1
BRDA:101,12,0,1
BRDA:101,12,1,0
BRDA:102,13,0,0
BRDA:102,13,1,1
BRDA:122,14,0,0
BRDA:122,14,1,0
BRDA:123,15,0,0
BRDA:123,15,1,0
BRDA:129,16,0,0
BRDA:129,16,1,1
BRDA:130,17,0,0
BRDA:130,17,1,1
BRDA:140,18,0,1
BRDA:140,18,1,0
BRDA:143,19,0,0
BRDA:143,19,1,1
BRDA:148,20,0,1
BRDA:148,20,1,0
BRDA:149,21,0,0
BRDA:149,21,1,1
BRDA:167,22,0,1
BRDA:167,22,1,0
BRDA:185,23,0,1
BRDA:185,23,1,0
BRDA:186,24,0,0
BRDA:186,24,1,1
BRDA:208,25,0,1
BRDA:208,25,1,0
BRDA:254,26,0,1
BRDA:254,26,1,0
BRDA:254,27,0,1
BRDA:254,27,1,1
BRDA:267,28,0,0
BRDA:267,28,1,1
BRDA:280,29,0,1
BRDA:280,29,1,0
BRDA:320,30,0,1
BRDA:320,30,1,0
BRDA:351,31,0,0
BRDA:351,31,1,0
BRDA:354,32,0,0
BRDA:354,32,1,0
BRDA:355,33,0,0
BRDA:355,33,1,0
BRDA:356,34,0,0
BRDA:356,34,1,0
BRDA:357,35,0,0
BRDA:357,35,1,0
BRDA:369,36,0,0
BRDA:369,36,1,0
BRDA:370,37,0,0
BRDA:370,37,1,0
BRDA:371,38,0,0
BRDA:371,38,1,0
BRDA:374,39,0,0
BRDA:374,39,1,0
BRDA:385,40,0,0
BRDA:385,40,1,0
BRDA:442,41,0,0
BRDA:442,41,1,0
BRDA:461,42,0,0
BRDA:461,42,1,3
BRDA:470,43,0,3
BRDA:470,43,1,0
BRDA:488,44,0,0
BRDA:488,44,1,3
BRDA:497,45,0,1
BRDA:497,45,1,2
BRDA:506,46,0,1
BRDA:506,46,1,1
BRDA:515,47,0,1
BRDA:515,47,1,0
BRDA:517,48,0,1
BRDA:517,48,1,0
BRDA:518,49,0,1
BRDA:518,49,1,0
BRDA:526,50,0,0
BRDA:526,50,1,0
BRDA:534,51,0,0
BRDA:534,51,1,0
BRDA:534,52,0,0
BRDA:534,52,1,0
BRDA:545,53,0,0
BRDA:545,53,1,0
BRDA:565,54,0,0
BRDA:565,54,1,0
BRDA:600,55,0,0
BRDA:600,55,1,0
BRDA:603,56,0,0
BRDA:603,56,1,0
BRDA:604,57,0,0
BRDA:604,57,1,0
BRDA:604,58,0,0
BRDA:604,58,1,0
BRDA:606,59,0,0
BRDA:606,59,1,0
BRDA:624,60,0,0
BRDA:624,60,1,0
BRDA:629,61,0,0
BRDA:629,61,1,0
BRDA:650,62,0,0
BRDA:650,62,1,0
BRDA:650,63,0,0
BRDA:650,63,1,0
BRDA:659,64,0,0
BRDA:659,64,1,0
BRDA:667,65,0,0
BRDA:667,65,1,0
BRDA:667,66,0,0
BRDA:667,66,1,0
BRDA:684,67,0,0
BRDA:684,67,1,0
BRDA:703,68,0,0
BRDA:703,68,1,0
BRDA:703,69,0,0
BRDA:703,69,1,0
BRDA:711,70,0,0
BRDA:711,70,1,0
BRDA:719,71,0,0
BRDA:719,71,1,0
BRDA:719,72,0,0
BRDA:719,72,1,0
BRDA:738,73,0,0
BRDA:738,73,1,0
BRDA:738,74,0,0
BRDA:738,74,1,0
BRDA:748,75,0,0
BRDA:748,75,1,0
BRDA:766,76,0,0
BRDA:766,76,1,0
BRDA:766,77,0,0
BRDA:766,77,1,0
BRDA:775,78,0,0
BRDA:775,78,1,0
BRDA:806,79,0,0
BRDA:806,79,1,0
BRDA:824,80,0,0
BRDA:824,80,1,0
BRDA:825,81,0,0
BRDA:825,81,1,0
BRF:164
BRH:34
end_of_record
TN:
SF:src/commands/market.js
FN:25,createMarketMainEmbed
FN:50,createMarketMainActionRow
FN:71,createResourceMarketEmbed
FN:77,(anonymous_3)
FN:108,createResourceMarketActionRow
FN:113,(anonymous_5)
FN:162,(anonymous_6)
FN:191,(anonymous_7)
FN:250,(anonymous_8)
FN:252,(anonymous_9)
FN:282,(anonymous_10)
FN:334,(anonymous_11)
FN:336,(anonymous_12)
FN:395,(anonymous_13)
FN:463,(anonymous_14)
FN:619,(anonymous_15)
FN:672,(anonymous_16)
FN:718,(anonymous_17)
FN:748,(anonymous_18)
FN:803,(anonymous_19)
FNF:20
FNH:2
FNDA:0,createMarketMainEmbed
FNDA:0,createMarketMainActionRow
FNDA:0,createResourceMarketEmbed
FNDA:0,(anonymous_3)
FNDA:0,createResourceMarketActionRow
FNDA:0,(anonymous_5)
FNDA:0,(anonymous_6)
FNDA:0,(anonymous_7)
FNDA:0,(anonymous_8)
FNDA:0,(anonymous_9)
FNDA:0,(anonymous_10)
FNDA:0,(anonymous_11)
FNDA:0,(anonymous_12)
FNDA:1,(anonymous_13)
FNDA:1,(anonymous_14)
FNDA:0,(anonymous_15)
FNDA:0,(anonymous_16)
FNDA:0,(anonymous_17)
FNDA:0,(anonymous_18)
FNDA:0,(anonymous_19)
DA:11,1
DA:13,1
DA:14,1
DA:15,1
DA:20,1
DA:22,1
DA:23,1
DA:26,0
DA:51,0
DA:72,0
DA:73,0
DA:74,0
DA:75,0
DA:77,0
DA:78,0
DA:79,0
DA:80,0
DA:82,0
DA:85,0
DA:87,0
DA:109,0
DA:110,0
DA:111,0
DA:113,0
DA:114,0
DA:115,0
DA:116,0
DA:118,0
DA:126,0
DA:128,0
DA:129,0
DA:139,0
DA:154,0
DA:157,1
DA:163,0
DA:169,0
DA:170,0
DA:175,0
DA:178,0
DA:183,0
DA:192,0
DA:193,0
DA:196,0
DA:197,0
DA:199,0
DA:209,0
DA:210,0
DA:215,0
DA:219,0
DA:220,0
DA:225,0
DA:229,0
DA:230,0
DA:240,0
DA:245,0
DA:249,0
DA:250,0
DA:252,0
DA:253,0
DA:254,0
DA:255,0
DA:256,0
DA:257,0
DA:259,0
DA:262,0
DA:279,0
DA:281,0
DA:282,0
DA:283,0
DA:284,0
DA:286,0
DA:294,0
DA:304,0
DA:314,0
DA:319,0
DA:323,0
DA:324,0
DA:325,0
DA:330,0
DA:333,0
DA:334,0
DA:337,0
DA:338,0
DA:346,0
DA:347,0
DA:352,0
DA:355,0
DA:389,0
DA:392,0
DA:396,1
DA:397,0
DA:400,1
DA:401,1
DA:402,1
DA:404,1
DA:413,1
DA:414,0
DA:419,0
DA:423,1
DA:424,1
DA:425,1
DA:429,1
DA:430,0
DA:435,0
DA:438,1
DA:439,0
DA:444,0
DA:447,1
DA:449,1
DA:450,0
DA:455,0
DA:459,1
DA:460,1
DA:462,1
DA:463,1
DA:465,1
DA:469,1
DA:470,0
DA:474,1
DA:483,1
DA:492,1
DA:501,1
DA:502,0
DA:509,1
DA:520,1
DA:530,1
DA:543,1
DA:559,0
DA:560,0
DA:565,0
DA:568,0
DA:571,1
DA:572,1
DA:577,0
DA:580,1
DA:592,1
DA:597,1
DA:599,1
DA:603,0
DA:604,0
DA:605,0
DA:609,0
DA:610,0
DA:615,0
DA:619,0
DA:621,0
DA:630,0
DA:631,0
DA:638,0
DA:649,0
DA:657,0
DA:666,0
DA:670,0
DA:671,0
DA:672,0
DA:674,0
DA:675,0
DA:680,0
DA:683,0
DA:687,0
DA:696,0
DA:705,0
DA:710,0
DA:712,0
DA:715,0
DA:719,0
DA:720,0
DA:723,0
DA:724,0
DA:726,0
DA:727,0
DA:730,0
DA:739,0
DA:740,0
DA:745,0
DA:748,0
DA:750,0
DA:751,0
DA:756,0
DA:759,0
DA:760,0
DA:762,0
DA:763,0
DA:768,0
DA:771,0
DA:772,0
DA:777,0
DA:780,0
DA:781,0
DA:786,0
DA:789,0
DA:790,0
DA:795,0
DA:798,0
DA:799,0
DA:800,0
DA:803,0
DA:805,0
DA:813,0
DA:827,0
DA:841,0
DA:846,0
DA:848,0
LF:203
LH:41
BRDA:71,0,0,0
BRDA:79,1,0,0
BRDA:79,1,1,0
BRDA:93,2,0,0
BRDA:93,2,1,0
BRDA:95,3,0,0
BRDA:95,3,1,0
BRDA:108,4,0,0
BRDA:115,5,0,0
BRDA:115,5,1,0
BRDA:128,6,0,0
BRDA:128,6,1,0
BRDA:169,7,0,0
BRDA:169,7,1,0
BRDA:192,8,0,0
BRDA:192,8,1,0
BRDA:209,9,0,0
BRDA:209,9,1,0
BRDA:219,10,0,0
BRDA:219,10,1,0
BRDA:229,11,0,0
BRDA:229,11,1,0
BRDA:249,12,0,0
BRDA:249,12,1,0
BRDA:254,13,0,0
BRDA:254,13,1,0
BRDA:270,14,0,0
BRDA:270,14,1,0
BRDA:281,15,0,0
BRDA:281,15,1,0
BRDA:284,16,0,0
BRDA:284,16,1,0
BRDA:323,17,0,0
BRDA:323,17,1,0
BRDA:323,18,0,0
BRDA:323,18,1,0
BRDA:324,19,0,0
BRDA:324,19,1,0
BRDA:342,20,0,0
BRDA:342,20,1,0
BRDA:346,21,0,0
BRDA:346,21,1,0
BRDA:396,22,0,0
BRDA:396,22,1,1
BRDA:413,23,0,0
BRDA:413,23,1,1
BRDA:423,24,0,1
BRDA:423,24,1,0
BRDA:429,25,0,0
BRDA:429,25,1,1
BRDA:429,26,0,1
BRDA:429,26,1,1
BRDA:438,27,0,0
BRDA:438,27,1,1
BRDA:449,28,0,0
BRDA:449,28,1,1
BRDA:469,29,0,0
BRDA:469,29,1,1
BRDA:469,30,0,1
BRDA:469,30,1,1
BRDA:501,31,0,0
BRDA:501,31,1,1
BRDA:559,32,0,0
BRDA:559,32,1,0
BRDA:584,33,0,1
BRDA:584,33,1,0
BRDA:603,34,0,0
BRDA:603,34,1,0
BRDA:609,35,0,0
BRDA:609,35,1,0
BRDA:609,36,0,0
BRDA:609,36,1,0
BRDA:609,36,2,0
BRDA:630,37,0,0
BRDA:630,37,1,0
BRDA:661,38,0,0
BRDA:661,38,1,0
BRDA:670,39,0,0
BRDA:670,39,1,0
BRDA:670,40,0,0
BRDA:670,40,1,0
BRDA:674,41,0,0
BRDA:674,41,1,0
BRDA:674,42,0,0
BRDA:674,42,1,0
BRDA:719,43,0,0
BRDA:719,43,1,0
BRDA:726,44,0,0
BRDA:726,44,1,0
BRDA:739,45,0,0
BRDA:739,45,1,0
BRDA:750,46,0,0
BRDA:750,46,1,0
BRDA:750,47,0,0
BRDA:750,47,1,0
BRDA:762,48,0,0
BRDA:762,48,1,0
BRDA:762,49,0,0
BRDA:762,49,1,0
BRDA:762,49,2,0
BRDA:771,50,0,0
BRDA:771,50,1,0
BRDA:771,51,0,0
BRDA:771,51,1,0
BRDA:780,52,0,0
BRDA:780,52,1,0
BRDA:789,53,0,0
BRDA:789,53,1,0
BRDA:831,54,0,0
BRDA:831,54,1,0
BRF:110
BRH:13
end_of_record
TN:
SF:src/commands/profile.js
FN:37,getProfileCharacter
FN:56,createProfileEmbed
FN:65,(anonymous_2)
FN:148,(anonymous_3)
FN:155,createProfileActionRow
FN:255,(anonymous_5)
FNF:6
FNH:5
FNDA:1,getProfileCharacter
FNDA:1,createProfileEmbed
FNDA:0,(anonymous_2)
FNDA:19,(anonymous_3)
FNDA:1,createProfileActionRow
FNDA:1,(anonymous_5)
DA:7,1
DA:9,1
DA:10,1
DA:11,1
DA:12,1
DA:13,1
DA:14,1
DA:15,1
DA:23,1
DA:25,1
DA:39,1
DA:40,1
DA:41,0
DA:44,1
DA:57,1
DA:58,1
DA:59,1
DA:60,1
DA:61,1
DA:62,1
DA:64,1
DA:66,0
DA:67,0
DA:69,0
DA:74,1
DA:78,1
DA:79,1
DA:86,1
DA:87,1
DA:92,1
DA:96,1
DA:97,1
DA:100,1
DA:105,1
DA:110,1
DA:111,1
DA:112,0
DA:113,0
DA:114,0
DA:115,0
DA:116,0
DA:118,0
DA:119,0
DA:122,1
DA:148,19
DA:156,1
DA:157,1
DA:158,1
DA:160,1
DA:193,1
DA:203,1
DA:204,1
DA:205,1
DA:206,0
DA:218,1
DA:219,1
DA:220,1
DA:221,0
DA:233,1
DA:234,0
DA:244,1
DA:250,1
DA:256,1
DA:258,1
DA:259,0
DA:264,0
DA:267,1
DA:269,1
LF:68
LH:52
BRDA:40,0,0,0
BRDA:40,0,1,1
BRDA:60,1,0,1
BRDA:60,1,1,0
BRDA:61,2,0,1
BRDA:61,2,1,0
BRDA:64,3,0,0
BRDA:64,3,1,1
BRDA:67,4,0,0
BRDA:67,4,1,0
BRDA:74,5,0,0
BRDA:74,5,1,1
BRDA:79,6,0,0
BRDA:79,6,1,1
BRDA:81,7,0,0
BRDA:81,7,1,1
BRDA:86,8,0,1
BRDA:86,8,1,1
BRDA:87,9,0,0
BRDA:87,9,1,1
BRDA:88,10,0,0
BRDA:88,10,1,0
BRDA:92,11,0,1
BRDA:92,11,1,0
BRDA:100,12,0,0
BRDA:100,12,1,1
BRDA:105,13,0,0
BRDA:105,13,1,1
BRDA:111,14,0,0
BRDA:111,14,1,1
BRDA:115,15,0,0
BRDA:115,15,1,0
BRDA:118,16,0,0
BRDA:118,16,1,0
BRDA:143,17,0,0
BRDA:143,17,1,1
BRDA:151,18,0,0
BRDA:151,18,1,1
BRDA:155,19,0,0
BRDA:156,20,0,1
BRDA:156,20,1,1
BRDA:157,21,0,1
BRDA:157,21,1,0
BRDA:158,22,0,1
BRDA:158,22,1,1
BRDA:203,23,0,1
BRDA:203,23,1,0
BRDA:203,24,0,1
BRDA:203,24,1,1
BRDA:205,25,0,0
BRDA:205,25,1,1
BRDA:218,26,0,1
BRDA:218,26,1,0
BRDA:218,27,0,1
BRDA:218,27,1,1
BRDA:220,28,0,0
BRDA:220,28,1,1
BRDA:233,29,0,0
BRDA:233,29,1,1
BRDA:258,30,0,0
BRDA:258,30,1,1
BRF:61
BRH:31
end_of_record
TN:
SF:src/commands/shop.js
FN:58,createShopMainEmbed
FN:99,createShopMainActionRow
FN:149,createPotionShopEmbed
FN:174,createPotionShopActionRow
FN:199,createEquipmentShopEmbed
FN:232,createEquipmentShopActionRow
FN:266,createSellShopEmbed
FN:267,(anonymous_7)
FN:269,(anonymous_8)
FN:298,createSellShopActionRow
FN:299,(anonymous_10)
FN:301,(anonymous_11)
FN:321,createUpgradeShopEmbed
FN:322,(anonymous_13)
FN:324,(anonymous_14)
FN:355,createUpgradeShopActionRow
FN:356,(anonymous_16)
FN:358,(anonymous_17)
FN:380,calculateSellPrice
FN:396,calculateUpgradeCost
FN:415,(anonymous_20)
FN:442,(anonymous_21)
FN:662,(anonymous_22)
FN:677,(anonymous_23)
FN:765,(anonymous_24)
FN:855,(anonymous_25)
FN:881,(anonymous_26)
FN:967,(anonymous_27)
FN:1060,(anonymous_28)
FNF:29
FNH:5
FNDA:0,createShopMainEmbed
FNDA:0,createShopMainActionRow
FNDA:0,createPotionShopEmbed
FNDA:0,createPotionShopActionRow
FNDA:0,createEquipmentShopEmbed
FNDA:0,createEquipmentShopActionRow
FNDA:0,createSellShopEmbed
FNDA:0,(anonymous_7)
FNDA:0,(anonymous_8)
FNDA:0,createSellShopActionRow
FNDA:0,(anonymous_10)
FNDA:0,(anonymous_11)
FNDA:0,createUpgradeShopEmbed
FNDA:0,(anonymous_13)
FNDA:0,(anonymous_14)
FNDA:0,createUpgradeShopActionRow
FNDA:0,(anonymous_16)
FNDA:0,(anonymous_17)
FNDA:1,calculateSellPrice
FNDA:1,calculateUpgradeCost
FNDA:0,(anonymous_20)
FNDA:3,(anonymous_21)
FNDA:0,(anonymous_22)
FNDA:0,(anonymous_23)
FNDA:1,(anonymous_24)
FNDA:1,(anonymous_25)
FNDA:0,(anonymous_26)
FNDA:0,(anonymous_27)
FNDA:0,(anonymous_28)
DA:7,1
DA:9,1
DA:10,1
DA:11,1
DA:18,1
DA:22,1
DA:24,1
DA:25,1
DA:41,1
DA:53,1
DA:56,1
DA:59,0
DA:61,0
DA:80,0
DA:81,0
DA:88,0
DA:90,0
DA:100,0
DA:123,0
DA:125,0
DA:126,0
DA:135,0
DA:143,0
DA:150,0
DA:175,0
DA:176,0
DA:178,0
DA:200,0
DA:233,0
DA:267,0
DA:269,0
DA:270,0
DA:271,0
DA:272,0
DA:275,0
DA:299,0
DA:301,0
DA:302,0
DA:303,0
DA:310,0
DA:318,0
DA:322,0
DA:324,0
DA:325,0
DA:326,0
DA:327,0
DA:328,0
DA:331,0
DA:356,0
DA:358,0
DA:359,0
DA:360,0
DA:361,0
DA:369,0
DA:377,0
DA:381,1
DA:389,1
DA:390,1
DA:391,1
DA:393,1
DA:397,1
DA:398,1
DA:406,1
DA:407,1
DA:410,1
DA:416,0
DA:425,0
DA:426,0
DA:431,0
DA:434,0
DA:436,0
DA:443,3
DA:444,0
DA:447,3
DA:448,3
DA:450,3
DA:461,3
DA:462,0
DA:467,0
DA:471,3
DA:472,0
DA:477,0
DA:481,3
DA:482,0
DA:488,0
DA:493,0
DA:497,3
DA:498,0
DA:504,0
DA:509,0
DA:513,3
DA:514,0
DA:519,0
DA:523,3
DA:524,0
DA:529,0
DA:533,3
DA:534,0
DA:539,0
DA:543,3
DA:544,0
DA:549,0
DA:553,3
DA:554,1
DA:556,1
DA:557,0
DA:562,0
DA:565,1
DA:567,1
DA:568,0
DA:573,0
DA:578,1
DA:587,1
DA:589,1
DA:594,1
DA:599,1
DA:601,1
DA:605,2
DA:606,0
DA:609,0
DA:631,0
DA:632,0
DA:637,0
DA:640,0
DA:641,0
DA:643,0
DA:644,0
DA:649,0
DA:652,0
DA:653,0
DA:658,0
DA:661,0
DA:662,0
DA:663,0
DA:664,0
DA:666,0
DA:667,0
DA:668,0
DA:669,0
DA:670,0
DA:675,0
DA:677,0
DA:678,0
DA:687,0
DA:703,0
DA:705,0
DA:716,0
DA:721,0
DA:723,0
DA:727,2
DA:728,1
DA:730,1
DA:731,0
DA:736,0
DA:739,1
DA:745,1
DA:746,0
DA:751,0
DA:754,1
DA:755,0
DA:760,0
DA:763,1
DA:765,1
DA:766,1
DA:772,1
DA:782,1
DA:787,1
DA:791,1
DA:792,1
DA:794,1
DA:795,0
DA:800,0
DA:803,1
DA:809,1
DA:810,0
DA:815,0
DA:818,1
DA:819,0
DA:824,0
DA:827,1
DA:829,1
DA:830,0
DA:835,0
DA:838,1
DA:840,1
DA:841,0
DA:846,0
DA:849,1
DA:851,1
DA:852,1
DA:853,1
DA:855,1
DA:856,1
DA:861,1
DA:871,1
DA:881,0
DA:882,0
DA:887,0
DA:892,0
DA:902,1
DA:906,0
DA:907,0
DA:909,0
DA:910,0
DA:915,0
DA:918,0
DA:919,0
DA:924,0
DA:927,0
DA:929,0
DA:930,0
DA:935,0
DA:939,0
DA:948,0
DA:949,0
DA:954,0
DA:957,0
DA:958,0
DA:963,0
DA:967,0
DA:968,0
DA:977,0
DA:987,0
DA:998,0
DA:1002,0
DA:1003,0
DA:1005,0
DA:1006,0
DA:1011,0
DA:1014,0
DA:1020,0
DA:1021,0
DA:1026,0
DA:1029,0
DA:1030,0
DA:1035,0
DA:1038,0
DA:1040,0
DA:1041,0
DA:1046,0
DA:1049,0
DA:1051,0
DA:1052,0
DA:1057,0
DA:1060,0
DA:1061,0
DA:1070,0
DA:1080,0
DA:1090,0
DA:1093,0
LF:250
LH:76
BRDA:80,0,0,0
BRDA:80,0,1,0
BRDA:95,1,0,0
BRDA:95,1,1,0
BRDA:125,2,0,0
BRDA:125,2,1,0
BRDA:285,3,0,0
BRDA:285,3,1,0
BRDA:286,4,0,0
BRDA:286,4,1,0
BRDA:322,5,0,0
BRDA:322,5,1,0
BRDA:322,5,2,0
BRDA:326,6,0,0
BRDA:326,6,1,0
BRDA:341,7,0,0
BRDA:341,7,1,0
BRDA:342,8,0,0
BRDA:342,8,1,0
BRDA:356,9,0,0
BRDA:356,9,1,0
BRDA:356,9,2,0
BRDA:389,10,0,1
BRDA:389,10,1,0
BRDA:390,11,0,1
BRDA:390,11,1,1
BRDA:397,12,0,1
BRDA:397,12,1,1
BRDA:406,13,0,1
BRDA:406,13,1,0
BRDA:425,14,0,0
BRDA:425,14,1,0
BRDA:443,15,0,0
BRDA:443,15,1,3
BRDA:461,16,0,0
BRDA:461,16,1,3
BRDA:471,17,0,0
BRDA:471,17,1,3
BRDA:481,18,0,0
BRDA:481,18,1,3
BRDA:497,19,0,0
BRDA:497,19,1,3
BRDA:513,20,0,0
BRDA:513,20,1,3
BRDA:523,21,0,0
BRDA:523,21,1,3
BRDA:533,22,0,0
BRDA:533,22,1,3
BRDA:543,23,0,0
BRDA:543,23,1,3
BRDA:553,24,0,1
BRDA:553,24,1,2
BRDA:556,25,0,0
BRDA:556,25,1,1
BRDA:556,26,0,1
BRDA:556,26,1,0
BRDA:565,27,0,1
BRDA:565,27,1,0
BRDA:567,28,0,0
BRDA:567,28,1,1
BRDA:587,29,0,1
BRDA:587,29,1,0
BRDA:605,30,0,0
BRDA:605,30,1,2
BRDA:631,31,0,0
BRDA:631,31,1,0
BRDA:643,32,0,0
BRDA:643,32,1,0
BRDA:652,33,0,0
BRDA:652,33,1,0
BRDA:668,34,0,0
BRDA:668,34,1,0
BRDA:727,35,0,1
BRDA:727,35,1,1
BRDA:730,36,0,0
BRDA:730,36,1,1
BRDA:745,37,0,0
BRDA:745,37,1,1
BRDA:745,38,0,1
BRDA:745,38,1,1
BRDA:754,39,0,0
BRDA:754,39,1,1
BRDA:791,40,0,1
BRDA:791,40,1,0
BRDA:794,41,0,0
BRDA:794,41,1,1
BRDA:809,42,0,0
BRDA:809,42,1,1
BRDA:809,43,0,1
BRDA:809,43,1,1
BRDA:818,44,0,0
BRDA:818,44,1,1
BRDA:827,45,0,1
BRDA:827,45,1,1
BRDA:829,46,0,0
BRDA:829,46,1,1
BRDA:840,47,0,0
BRDA:840,47,1,1
BRDA:851,48,0,1
BRDA:851,48,1,0
BRDA:906,49,0,0
BRDA:906,49,1,0
BRDA:909,50,0,0
BRDA:909,50,1,0
BRDA:918,51,0,0
BRDA:918,51,1,0
BRDA:929,52,0,0
BRDA:929,52,1,0
BRDA:929,53,0,0
BRDA:929,53,1,0
BRDA:948,54,0,0
BRDA:948,54,1,0
BRDA:957,55,0,0
BRDA:957,55,1,0
BRDA:1002,56,0,0
BRDA:1002,56,1,0
BRDA:1005,57,0,0
BRDA:1005,57,1,0
BRDA:1020,58,0,0
BRDA:1020,58,1,0
BRDA:1020,59,0,0
BRDA:1020,59,1,0
BRDA:1029,60,0,0
BRDA:1029,60,1,0
BRDA:1040,61,0,0
BRDA:1040,61,1,0
BRDA:1051,62,0,0
BRDA:1051,62,1,0
BRF:128
BRH:41
end_of_record
TN:
SF:src/game/combat.js
FN:46,buildCombatCustomId
FN:53,parseCombatCustomId
FN:77,isCombatButton
FN:81,buildCombatEndCustomId
FN:85,parseCombatEndCustomId
FN:108,isCombatEndButton
FN:112,stripRareMonsterPrefix
FN:113,(anonymous_7)
FN:121,getMonsterBySessionName
FN:126,(anonymous_9)
FN:132,(anonymous_10)
FN:137,(anonymous_11)
FN:140,resolveRarityPool
FN:148,rollFromWeightedPool
FN:177,resolveGuaranteedBossRarity
FN:198,resolveTurnInterval
FN:211,shouldTriggerBossPattern
FN:232,applyFieldBossSkillPatterns
FN:262,(anonymous_18)
FN:300,createCombatActionRows
FN:342,(anonymous_20)
FN:343,(anonymous_21)
FN:360,(anonymous_22)
FN:393,createCombatEndActionRow
FN:412,resolveMonsterLevel
FN:417,appendBattleLog
FN:423,(anonymous_26)
FN:427,buildOngoingDescription
FN:467,(anonymous_28)
FN:483,buildVictoryDescription
FN:579,buildDefeatDescription
FN:602,buildFledDescription
FN:625,buildResetDescription
FN:647,resolveCombatColor
FN:671,createCombatEmbed
FN:735,rollDamage
FN:754,resolveCombatTurn
FN:847,(anonymous_37)
FN:1029,(anonymous_38)
FN:1210,combatResultTitle
FN:1230,buildLevelUpDetails
FN:1255,handleCombatButton
FN:1308,(anonymous_42)
FNF:43
FNH:17
FNDA:5,buildCombatCustomId
FNDA:0,parseCombatCustomId
FNDA:0,isCombatButton
FNDA:0,buildCombatEndCustomId
FNDA:0,parseCombatEndCustomId
FNDA:0,isCombatEndButton
FNDA:3,stripRareMonsterPrefix
FNDA:6,(anonymous_7)
FNDA:6,getMonsterBySessionName
FNDA:85,(anonymous_9)
FNDA:48,(anonymous_10)
FNDA:48,(anonymous_11)
FNDA:1,resolveRarityPool
FNDA:1,rollFromWeightedPool
FNDA:1,resolveGuaranteedBossRarity
FNDA:1,resolveTurnInterval
FNDA:2,shouldTriggerBossPattern
FNDA:3,applyFieldBossSkillPatterns
FNDA:2,(anonymous_18)
FNDA:1,createCombatActionRows
FNDA:0,(anonymous_20)
FNDA:0,(anonymous_21)
FNDA:0,(anonymous_22)
FNDA:0,createCombatEndActionRow
FNDA:0,resolveMonsterLevel
FNDA:0,appendBattleLog
FNDA:0,(anonymous_26)
FNDA:0,buildOngoingDescription
FNDA:0,(anonymous_28)
FNDA:0,buildVictoryDescription
FNDA:0,buildDefeatDescription
FNDA:0,buildFledDescription
FNDA:0,buildResetDescription
FNDA:0,resolveCombatColor
FNDA:0,createCombatEmbed
FNDA:7,rollDamage
FNDA:6,resolveCombatTurn
FNDA:0,(anonymous_37)
FNDA:0,(anonymous_38)
FNDA:0,combatResultTitle
FNDA:0,buildLevelUpDetails
FNDA:0,handleCombatButton
FNDA:0,(anonymous_42)
DA:6,2
DA:8,2
DA:9,2
DA:10,2
DA:11,2
DA:12,2
DA:13,2
DA:14,2
DA:18,2
DA:25,2
DA:27,2
DA:28,2
DA:30,2
DA:39,2
DA:43,2
DA:44,2
DA:47,5
DA:48,0
DA:50,5
DA:54,0
DA:55,0
DA:58,0
DA:60,0
DA:61,0
DA:64,0
DA:66,0
DA:67,0
DA:70,0
DA:78,0
DA:82,0
DA:86,0
DA:87,0
DA:90,0
DA:92,0
DA:93,0
DA:96,0
DA:98,0
DA:99,0
DA:102,0
DA:109,0
DA:113,3
DA:114,6
DA:115,0
DA:117,6
DA:122,6
DA:123,0
DA:126,85
DA:127,6
DA:128,3
DA:131,3
DA:132,48
DA:133,3
DA:134,0
DA:137,48
DA:141,1
DA:142,1
DA:143,0
DA:145,1
DA:149,1
DA:150,0
DA:153,1
DA:154,0
DA:157,1
DA:163,1
DA:164,1
DA:165,1
DA:167,1
DA:168,1
DA:169,1
DA:170,1
DA:174,0
DA:178,1
DA:179,0
DA:182,1
DA:183,1
DA:186,0
DA:187,0
DA:188,0
DA:191,0
DA:192,0
DA:195,0
DA:199,1
DA:200,0
DA:203,1
DA:204,1
DA:205,0
DA:208,1
DA:212,2
DA:213,2
DA:215,2
DA:216,1
DA:219,1
DA:220,0
DA:223,1
DA:224,0
DA:225,0
DA:228,1
DA:229,1
DA:239,3
DA:240,2
DA:247,1
DA:253,1
DA:262,1
DA:263,2
DA:264,0
DA:267,2
DA:268,0
DA:269,0
DA:270,0
DA:271,0
DA:272,0
DA:274,0
DA:277,2
DA:278,1
DA:279,1
DA:280,1
DA:281,1
DA:284,1
DA:285,1
DA:286,1
DA:287,1
DA:288,1
DA:293,1
DA:301,1
DA:302,1
DA:303,1
DA:306,1
DA:333,1
DA:336,1
DA:338,1
DA:341,1
DA:342,0
DA:344,0
DA:347,0
DA:348,0
DA:357,1
DA:359,1
DA:360,0
DA:361,0
DA:362,0
DA:366,0
DA:374,0
DA:375,0
DA:380,1
DA:388,1
DA:390,1
DA:394,0
DA:396,0
DA:413,0
DA:414,0
DA:418,0
DA:419,0
DA:422,0
DA:423,0
DA:424,0
DA:428,0
DA:429,0
DA:430,0
DA:431,0
DA:432,0
DA:433,0
DA:434,0
DA:435,0
DA:436,0
DA:437,0
DA:439,0
DA:441,0
DA:442,0
DA:443,0
DA:444,0
DA:445,0
DA:446,0
DA:447,0
DA:448,0
DA:451,0
DA:452,0
DA:453,0
DA:454,0
DA:455,0
DA:457,0
DA:460,0
DA:463,0
DA:464,0
DA:465,0
DA:468,0
DA:471,0
DA:474,0
DA:475,0
DA:476,0
DA:477,0
DA:478,0
DA:480,0
DA:492,0
DA:493,0
DA:494,0
DA:495,0
DA:496,0
DA:498,0
DA:500,0
DA:501,0
DA:502,0
DA:503,0
DA:504,0
DA:505,0
DA:506,0
DA:507,0
DA:508,0
DA:509,0
DA:510,0
DA:512,0
DA:513,0
DA:514,0
DA:515,0
DA:516,0
DA:517,0
DA:518,0
DA:522,0
DA:523,0
DA:524,0
DA:525,0
DA:526,0
DA:527,0
DA:529,0
DA:530,0
DA:531,0
DA:532,0
DA:536,0
DA:537,0
DA:538,0
DA:539,0
DA:540,0
DA:541,0
DA:542,0
DA:546,0
DA:547,0
DA:549,0
DA:550,0
DA:551,0
DA:553,0
DA:554,0
DA:555,0
DA:556,0
DA:557,0
DA:558,0
DA:561,0
DA:564,0
DA:567,0
DA:570,0
DA:571,0
DA:574,0
DA:576,0
DA:580,0
DA:581,0
DA:582,0
DA:583,0
DA:584,0
DA:586,0
DA:588,0
DA:589,0
DA:590,0
DA:591,0
DA:592,0
DA:593,0
DA:594,0
DA:595,0
DA:596,0
DA:597,0
DA:599,0
DA:603,0
DA:604,0
DA:605,0
DA:606,0
DA:607,0
DA:609,0
DA:611,0
DA:612,0
DA:613,0
DA:614,0
DA:615,0
DA:616,0
DA:617,0
DA:618,0
DA:619,0
DA:620,0
DA:622,0
DA:626,0
DA:627,0
DA:628,0
DA:629,0
DA:630,0
DA:632,0
DA:634,0
DA:635,0
DA:636,0
DA:637,0
DA:638,0
DA:639,0
DA:640,0
DA:641,0
DA:642,0
DA:644,0
DA:648,0
DA:649,0
DA:652,0
DA:653,0
DA:656,0
DA:657,0
DA:660,0
DA:661,0
DA:664,0
DA:665,0
DA:668,0
DA:682,0
DA:684,0
DA:690,0
DA:691,0
DA:702,0
DA:703,0
DA:710,0
DA:711,0
DA:718,0
DA:719,0
DA:726,0
DA:736,7
DA:737,7
DA:740,7
DA:741,7
DA:742,7
DA:744,7
DA:745,0
DA:748,7
DA:755,6
DA:756,6
DA:757,6
DA:758,6
DA:759,6
DA:760,6
DA:761,6
DA:763,6
DA:766,6
DA:767,0
DA:768,0
DA:769,0
DA:771,0
DA:776,0
DA:777,0
DA:779,0
DA:780,0
DA:781,0
DA:782,0
DA:785,0
DA:787,0
DA:788,0
DA:789,0
DA:791,0
DA:812,0
DA:815,6
DA:816,4
DA:821,4
DA:822,4
DA:824,4
DA:825,0
DA:826,0
DA:827,0
DA:828,0
DA:831,4
DA:833,4
DA:834,3
DA:835,1
DA:836,0
DA:840,6
DA:842,0
DA:843,0
DA:846,0
DA:847,0
DA:848,0
DA:849,0
DA:850,0
DA:851,0
DA:852,0
DA:857,0
DA:858,0
DA:861,0
DA:862,0
DA:864,0
DA:865,0
DA:868,0
DA:875,0
DA:876,0
DA:877,0
DA:879,0
DA:880,0
DA:881,0
DA:882,0
DA:885,0
DA:886,0
DA:892,6
DA:893,2
DA:894,2
DA:897,6
DA:898,0
DA:899,0
DA:900,0
DA:901,0
DA:903,0
DA:908,0
DA:909,0
DA:910,0
DA:914,6
DA:916,0
DA:917,0
DA:918,0
DA:919,0
DA:920,0
DA:921,0
DA:923,0
DA:943,6
DA:945,0
DA:947,0
DA:948,0
DA:949,0
DA:950,0
DA:951,0
DA:953,0
DA:954,0
DA:955,0
DA:957,0
DA:958,0
DA:961,0
DA:962,0
DA:965,0
DA:985,0
DA:988,6
DA:990,3
DA:991,3
DA:994,3
DA:995,3
DA:996,3
DA:999,3
DA:1000,3
DA:1002,3
DA:1005,3
DA:1010,3
DA:1011,3
DA:1016,3
DA:1024,3
DA:1027,3
DA:1028,0
DA:1029,0
DA:1032,3
DA:1033,0
DA:1036,3
DA:1037,0
DA:1042,3
DA:1043,3
DA:1046,3
DA:1048,3
DA:1049,1
DA:1050,1
DA:1053,1
DA:1054,1
DA:1055,1
DA:1056,2
DA:1058,1
DA:1059,1
DA:1060,1
DA:1061,1
DA:1065,3
DA:1066,3
DA:1067,3
DA:1068,3
DA:1069,3
DA:1071,1
DA:1072,1
DA:1074,1
DA:1079,1
DA:1080,1
DA:1081,1
DA:1082,1
DA:1083,1
DA:1084,1
DA:1089,3
DA:1113,3
DA:1117,3
DA:1118,3
DA:1129,3
DA:1130,3
DA:1132,3
DA:1133,2
DA:1136,3
DA:1138,3
DA:1139,3
DA:1140,1
DA:1141,1
DA:1143,3
DA:1145,3
DA:1146,0
DA:1147,0
DA:1150,3
DA:1151,2
DA:1154,3
DA:1156,3
DA:1157,0
DA:1160,3
DA:1161,1
DA:1164,1
DA:1165,1
DA:1166,1
DA:1169,1
DA:1190,2
DA:1211,0
DA:1212,0
DA:1215,0
DA:1216,0
DA:1219,0
DA:1220,0
DA:1223,0
DA:1224,0
DA:1227,0
DA:1231,0
DA:1233,0
DA:1234,0
DA:1237,0
DA:1256,0
DA:1258,0
DA:1259,0
DA:1263,0
DA:1267,0
DA:1269,0
DA:1282,0
DA:1283,0
DA:1288,0
DA:1291,0
DA:1292,0
DA:1297,0
DA:1300,0
DA:1308,0
DA:1309,0
DA:1316,0
DA:1317,0
DA:1327,0
DA:1328,0
DA:1345,0
DA:1346,0
DA:1347,0
DA:1349,0
DA:1358,0
DA:1359,0
DA:1368,0
DA:1379,0
DA:1380,0
DA:1387,0
DA:1390,0
DA:1397,0
DA:1402,0
DA:1407,0
DA:1408,0
DA:1414,0
DA:1426,0
DA:1430,0
DA:1435,0
DA:1436,0
DA:1437,0
DA:1444,0
DA:1447,0
DA:1452,0
DA:1455,0
DA:1456,0
DA:1457,0
DA:1464,0
DA:1468,0
DA:1471,2
LF:572
LH:192
BRDA:46,0,0,5
BRDA:47,1,0,0
BRDA:47,1,1,5
BRDA:54,2,0,0
BRDA:54,2,1,0
BRDA:54,3,0,0
BRDA:54,3,1,0
BRDA:60,4,0,0
BRDA:60,4,1,0
BRDA:66,5,0,0
BRDA:66,5,1,0
BRDA:66,6,0,0
BRDA:66,6,1,0
BRDA:73,7,0,0
BRDA:73,7,1,0
BRDA:81,8,0,0
BRDA:86,9,0,0
BRDA:86,9,1,0
BRDA:86,10,0,0
BRDA:86,10,1,0
BRDA:92,11,0,0
BRDA:92,11,1,0
BRDA:98,12,0,0
BRDA:98,12,1,0
BRDA:98,13,0,0
BRDA:98,13,1,0
BRDA:112,14,0,0
BRDA:114,15,0,0
BRDA:114,15,1,6
BRDA:122,16,0,0
BRDA:122,16,1,6
BRDA:127,17,0,3
BRDA:127,17,1,3
BRDA:133,18,0,0
BRDA:133,18,1,3
BRDA:137,19,0,3
BRDA:137,19,1,3
BRDA:140,20,0,0
BRDA:142,21,0,0
BRDA:142,21,1,1
BRDA:149,22,0,0
BRDA:149,22,1,1
BRDA:149,23,0,1
BRDA:149,23,1,1
BRDA:153,24,0,0
BRDA:153,24,1,1
BRDA:163,25,0,1
BRDA:163,25,1,0
BRDA:169,26,0,1
BRDA:169,26,1,0
BRDA:178,27,0,0
BRDA:178,27,1,1
BRDA:182,28,0,1
BRDA:182,28,1,0
BRDA:187,29,0,0
BRDA:187,29,1,0
BRDA:191,30,0,0
BRDA:191,30,1,0
BRDA:199,31,0,0
BRDA:199,31,1,1
BRDA:199,32,0,1
BRDA:199,32,1,0
BRDA:204,33,0,0
BRDA:204,33,1,1
BRDA:215,34,0,1
BRDA:215,34,1,1
BRDA:219,35,0,0
BRDA:219,35,1,1
BRDA:223,36,0,0
BRDA:223,36,1,1
BRDA:225,37,0,0
BRDA:225,37,1,0
BRDA:229,38,0,1
BRDA:229,38,1,0
BRDA:239,39,0,2
BRDA:239,39,1,1
BRDA:239,40,0,3
BRDA:239,40,1,1
BRDA:239,40,2,1
BRDA:263,41,0,0
BRDA:263,41,1,2
BRDA:267,42,0,0
BRDA:267,42,1,2
BRDA:268,43,0,0
BRDA:268,43,1,0
BRDA:269,44,0,0
BRDA:269,44,1,0
BRDA:269,45,0,0
BRDA:269,45,1,0
BRDA:277,46,0,1
BRDA:277,46,1,1
BRDA:278,47,0,1
BRDA:278,47,1,0
BRDA:284,48,0,1
BRDA:284,48,1,0
BRDA:285,49,0,1
BRDA:285,49,1,0
BRDA:286,50,0,1
BRDA:286,50,1,0
BRDA:300,51,0,0
BRDA:301,52,0,1
BRDA:301,52,1,1
BRDA:302,53,0,1
BRDA:302,53,1,0
BRDA:303,54,0,1
BRDA:303,54,1,0
BRDA:336,55,0,1
BRDA:336,55,1,0
BRDA:341,56,0,1
BRDA:341,56,1,0
BRDA:344,57,0,0
BRDA:344,57,1,0
BRDA:347,58,0,0
BRDA:347,58,1,0
BRDA:359,59,0,0
BRDA:359,59,1,1
BRDA:362,60,0,0
BRDA:362,60,1,0
BRDA:371,61,0,0
BRDA:371,61,1,0
BRDA:393,62,0,0
BRDA:394,63,0,0
BRDA:394,63,1,0
BRDA:412,64,0,0
BRDA:414,65,0,0
BRDA:414,65,1,0
BRDA:418,66,0,0
BRDA:418,66,1,0
BRDA:418,67,0,0
BRDA:418,67,1,0
BRDA:429,68,0,0
BRDA:429,68,1,0
BRDA:430,69,0,0
BRDA:430,69,1,0
BRDA:433,70,0,0
BRDA:433,70,1,0
BRDA:434,71,0,0
BRDA:434,71,1,0
BRDA:452,72,0,0
BRDA:452,72,1,0
BRDA:464,73,0,0
BRDA:464,73,1,0
BRDA:468,74,0,0
BRDA:468,74,1,0
BRDA:493,75,0,0
BRDA:493,75,1,0
BRDA:494,76,0,0
BRDA:494,76,1,0
BRDA:509,77,0,0
BRDA:509,77,1,0
BRDA:510,78,0,0
BRDA:510,78,1,0
BRDA:512,79,0,0
BRDA:512,79,1,0
BRDA:523,80,0,0
BRDA:523,80,1,0
BRDA:524,81,0,0
BRDA:524,81,1,0
BRDA:525,82,0,0
BRDA:525,82,1,0
BRDA:526,83,0,0
BRDA:526,83,1,0
BRDA:529,84,0,0
BRDA:529,84,1,0
BRDA:536,85,0,0
BRDA:536,85,1,0
BRDA:539,86,0,0
BRDA:539,86,1,0
BRDA:546,87,0,0
BRDA:546,87,1,0
BRDA:549,88,0,0
BRDA:549,88,1,0
BRDA:549,89,0,0
BRDA:549,89,1,0
BRDA:562,90,0,0
BRDA:562,90,1,0
BRDA:562,91,0,0
BRDA:562,91,1,0
BRDA:581,92,0,0
BRDA:581,92,1,0
BRDA:582,93,0,0
BRDA:582,93,1,0
BRDA:604,94,0,0
BRDA:604,94,1,0
BRDA:605,95,0,0
BRDA:605,95,1,0
BRDA:627,96,0,0
BRDA:627,96,1,0
BRDA:628,97,0,0
BRDA:628,97,1,0
BRDA:648,98,0,0
BRDA:648,98,1,0
BRDA:648,99,0,0
BRDA:648,99,1,0
BRDA:652,100,0,0
BRDA:652,100,1,0
BRDA:656,101,0,0
BRDA:656,101,1,0
BRDA:660,102,0,0
BRDA:660,102,1,0
BRDA:664,103,0,0
BRDA:664,103,1,0
BRDA:674,104,0,0
BRDA:675,105,0,0
BRDA:676,106,0,0
BRDA:677,107,0,0
BRDA:678,108,0,0
BRDA:679,109,0,0
BRDA:680,110,0,0
BRDA:682,111,0,0
BRDA:682,111,1,0
BRDA:690,112,0,0
BRDA:690,112,1,0
BRDA:702,113,0,0
BRDA:702,113,1,0
BRDA:710,114,0,0
BRDA:710,114,1,0
BRDA:718,115,0,0
BRDA:718,115,1,0
BRDA:735,116,0,0
BRDA:736,117,0,7
BRDA:736,117,1,0
BRDA:737,118,0,7
BRDA:737,118,1,0
BRDA:744,119,0,0
BRDA:744,119,1,7
BRDA:754,120,0,6
BRDA:756,121,0,6
BRDA:756,121,1,0
BRDA:757,122,0,6
BRDA:757,122,1,0
BRDA:766,123,0,0
BRDA:766,123,1,6
BRDA:766,124,0,6
BRDA:766,124,1,5
BRDA:779,125,0,0
BRDA:779,125,1,0
BRDA:787,126,0,0
BRDA:787,126,1,0
BRDA:815,127,0,4
BRDA:815,127,1,2
BRDA:824,128,0,0
BRDA:824,128,1,4
BRDA:833,129,0,3
BRDA:833,129,1,1
BRDA:835,130,0,0
BRDA:835,130,1,1
BRDA:840,131,0,0
BRDA:840,131,1,6
BRDA:842,132,0,0
BRDA:842,132,1,0
BRDA:846,133,0,0
BRDA:846,133,1,0
BRDA:846,134,0,0
BRDA:846,134,1,0
BRDA:846,134,2,0
BRDA:847,135,0,0
BRDA:847,135,1,0
BRDA:848,136,0,0
BRDA:848,136,1,0
BRDA:850,137,0,0
BRDA:850,137,1,0
BRDA:852,138,0,0
BRDA:852,138,1,0
BRDA:857,139,0,0
BRDA:857,139,1,0
BRDA:861,140,0,0
BRDA:861,140,1,0
BRDA:879,141,0,0
BRDA:879,141,1,0
BRDA:885,142,0,0
BRDA:885,142,1,0
BRDA:892,143,0,2
BRDA:892,143,1,4
BRDA:897,144,0,0
BRDA:897,144,1,6
BRDA:898,145,0,0
BRDA:898,145,1,0
BRDA:900,146,0,0
BRDA:900,146,1,0
BRDA:914,147,0,0
BRDA:914,147,1,6
BRDA:943,148,0,0
BRDA:943,148,1,6
BRDA:947,149,0,0
BRDA:947,149,1,0
BRDA:957,150,0,0
BRDA:957,150,1,0
BRDA:961,151,0,0
BRDA:961,151,1,0
BRDA:988,152,0,3
BRDA:988,152,1,3
BRDA:995,153,0,3
BRDA:995,153,1,0
BRDA:996,154,0,3
BRDA:996,154,1,0
BRDA:1021,155,0,3
BRDA:1021,155,1,3
BRDA:1027,156,0,0
BRDA:1027,156,1,3
BRDA:1032,157,0,0
BRDA:1032,157,1,3
BRDA:1036,158,0,0
BRDA:1036,158,1,3
BRDA:1048,159,0,1
BRDA:1048,159,1,2
BRDA:1050,160,0,1
BRDA:1050,160,1,0
BRDA:1056,161,0,1
BRDA:1056,161,1,1
BRDA:1067,162,0,3
BRDA:1067,162,1,0
BRDA:1067,163,0,3
BRDA:1067,163,1,3
BRDA:1067,163,2,3
BRDA:1069,164,0,1
BRDA:1069,164,1,2
BRDA:1069,165,0,3
BRDA:1069,165,1,0
BRDA:1081,166,0,1
BRDA:1081,166,1,0
BRDA:1132,167,0,2
BRDA:1132,167,1,1
BRDA:1139,168,0,1
BRDA:1139,168,1,2
BRDA:1145,169,0,0
BRDA:1145,169,1,3
BRDA:1150,170,0,2
BRDA:1150,170,1,1
BRDA:1156,171,0,0
BRDA:1156,171,1,3
BRDA:1156,172,0,3
BRDA:1156,172,1,2
BRDA:1160,173,0,1
BRDA:1160,173,1,2
BRDA:1165,174,0,1
BRDA:1165,174,1,0
BRDA:1211,175,0,0
BRDA:1211,175,1,0
BRDA:1215,176,0,0
BRDA:1215,176,1,0
BRDA:1219,177,0,0
BRDA:1219,177,1,0
BRDA:1223,178,0,0
BRDA:1223,178,1,0
BRDA:1231,179,0,0
BRDA:1231,179,1,0
BRDA:1233,180,0,0
BRDA:1233,180,1,0
BRDA:1241,181,0,0
BRDA:1241,181,1,0
BRDA:1248,182,0,0
BRDA:1248,182,1,0
BRDA:1248,182,2,0
BRDA:1258,183,0,0
BRDA:1258,183,1,0
BRDA:1282,184,0,0
BRDA:1282,184,1,0
BRDA:1291,185,0,0
BRDA:1291,185,1,0
BRDA:1316,186,0,0
BRDA:1316,186,1,0
BRDA:1327,187,0,0
BRDA:1327,187,1,0
BRDA:1345,188,0,0
BRDA:1345,188,1,0
BRDA:1358,189,0,0
BRDA:1358,189,1,0
BRDA:1379,190,0,0
BRDA:1379,190,1,0
BRDA:1411,191,0,0
BRDA:1411,191,1,0
BRDA:1426,192,0,0
BRDA:1426,192,1,0
BRDA:1435,193,0,0
BRDA:1435,193,1,0
BRDA:1455,194,0,0
BRDA:1455,194,1,0
BRF:378
BRH:102
end_of_record
